warning: redirecting to https://gitlab.seismo.ethz.ch/SED-EEW/ewbs-converter.git/
fatal: close failed on standard output: Input/output error
fatal: close failed on standard output: Input/output error
INFO:bokeh.io.state:Session output file 'dashboard_deltatimes.html' already exists, will be overwritten.
DEBUG:root:2022-07-27 07:12:04(UTC) - DASHBOARD: this is Linux OS
Can't open display 
DEBUG:root:2022-07-27 07:12:04(UTC) - DASHBOARD: histograms width and height are: 602 and 224
DEBUG:root:2022-07-27 07:12:04(UTC) - DASHBOARD: timelines width and height are: 828 and 224
DEBUG:root:2022-07-27 07:12:04(UTC) - PKLMANAGER: Last Date and Time of data availability for Costa Rica 
DEBUG:root:2022-07-27 07:12:04(UTC) - PKLMANAGER: reading the data for country Costa Rica from 2022-07-26 07:12:04.417931+00:00 to 2022-07-27 07:12:04.417931+00:00 
DEBUG:root:2022-07-27 07:12:04(UTC) - PKLMANAGER: opening today and yesterday file
DEBUG:root:2022-07-27 07:12:04(UTC) - PKLMANAGER: opening bz2 file: pickledata/hb2022208CostaRica
DEBUG:root:2022-07-27 07:12:04(UTC) - PKLMANAGER: opening bz2 file: pickledata/hbYdaCostaRica
DEBUG:root:2022-07-27 07:12:04(UTC) - PKLMANAGER: data returned contains 1892 of rows and 2 of columns
DEBUG:root:2022-07-27 07:12:04(UTC) - PKLMANAGER: applying filter based on datetime start and end
DEBUG:root:2022-07-27 07:12:04(UTC) - PKLMANAGER: Applying the date and time filter....
DEBUG:root:2022-07-27 07:12:04(UTC) - PKLMANAGER: After Applying date and time filter the returned data contains 1445 rows and 2 columns
DEBUG:root:2022-07-27 07:12:04(UTC) - PKLMANAGER: Resampled data contains 1445 rows and 2 columns
DEBUG:root:2022-07-27 07:12:04(UTC) - PKLMANAGER: setting delta AMQ column for histogram
DEBUG:root:2022-07-27 07:12:04(UTC) - PKLMANAGER: data for deltaAMQ histogram has a size of 1445
DEBUG:root:2022-07-27 07:12:04(UTC) - PKLMANAGER: Loading Delta SC data...
DEBUG:root:2022-07-27 07:12:04(UTC) - PKLMANAGER: opening bz2 file: pickledata/scCostaRica
DEBUG:root:2022-07-27 07:12:04(UTC) - PKLMANAGER: data returned contains 1395 of rows and 5 of columns
DEBUG:root:2022-07-27 07:12:04(UTC) - PKLMANAGER: applying datetime filter to delta SC
DEBUG:root:2022-07-27 07:12:04(UTC) - PKLMANAGER: After Applying date and time filter the dataframe contains 7 rows and 5 columns
DEBUG:root:2022-07-27 07:12:04(UTC) - PKLMANAGER: setting delta SC column for histogram
DEBUG:root:2022-07-27 07:12:04(UTC) - PKLMANAGER: deltaSC for histogram contains a size of 7
DEBUG:root:2022-07-27 07:12:04(UTC) - PKLMANAGER: Loading Delta EWBS data...
DEBUG:root:2022-07-27 07:12:04(UTC) - PKLMANAGER: opening bz2 file: pickledata/ewbsCostaRica
DEBUG:root:2022-07-27 07:12:04(UTC) - PKLMANAGER: data returned contains 1395 of rows and 5 of columns
DEBUG:root:2022-07-27 07:12:04(UTC) - PKLMANAGER: applying date and time filter to delta EWBS...
DEBUG:root:2022-07-27 07:12:04(UTC) - PKLMANAGER: After Applying date and time filter the dataframe contains 7 rows and 5 columns
DEBUG:root:2022-07-27 07:12:04(UTC) - PKLMANAGER: setting deltaEWBS column for histogram
DEBUG:root:2022-07-27 07:12:04(UTC) - PKLMANAGER: deltaEWBS for histogram contains a size of 7
DEBUG:root:2022-07-27 07:12:04(UTC) - PKLMANAGER: dfSC: 35, dfAMQ: 2890, dfEWBS: 35, deltaSC: 7, deltaAMQ: 1445, deltaEWBS: 7
INFO:numexpr.utils:Note: NumExpr detected 16 cores but "NUMEXPR_MAX_THREADS" not set, so enforcing safe limit of 8.
INFO:numexpr.utils:NumExpr defaulting to 8 threads.
DEBUG:root:2022-07-27 07:12:04(UTC) - PKLMANAGER: Last Date and Time of data availability for Nicaragua 
DEBUG:root:2022-07-27 07:12:04(UTC) - PKLMANAGER: reading the data for country Nicaragua from 2022-07-26 07:12:04.417931+00:00 to 2022-07-27 07:12:04.417931+00:00 
DEBUG:root:2022-07-27 07:12:04(UTC) - PKLMANAGER: opening today and yesterday file
DEBUG:root:2022-07-27 07:12:04(UTC) - PKLMANAGER: opening bz2 file: pickledata/hb2022208Nicaragua
DEBUG:root:2022-07-27 07:12:04(UTC) - PKLMANAGER: opening bz2 file: pickledata/hbYdaNicaragua
DEBUG:root:2022-07-27 07:12:04(UTC) - PKLMANAGER: data returned contains 1901 of rows and 2 of columns
DEBUG:root:2022-07-27 07:12:04(UTC) - PKLMANAGER: applying filter based on datetime start and end
DEBUG:root:2022-07-27 07:12:04(UTC) - PKLMANAGER: Applying the date and time filter....
DEBUG:root:2022-07-27 07:12:04(UTC) - PKLMANAGER: After Applying date and time filter the returned data contains 1454 rows and 2 columns
DEBUG:root:2022-07-27 07:12:04(UTC) - PKLMANAGER: Resampled data contains 1454 rows and 2 columns
DEBUG:root:2022-07-27 07:12:04(UTC) - PKLMANAGER: setting delta AMQ column for histogram
DEBUG:root:2022-07-27 07:12:04(UTC) - PKLMANAGER: data for deltaAMQ histogram has a size of 1454
DEBUG:root:2022-07-27 07:12:04(UTC) - PKLMANAGER: Loading Delta SC data...
DEBUG:root:2022-07-27 07:12:04(UTC) - PKLMANAGER: opening bz2 file: pickledata/scNicaragua
DEBUG:root:2022-07-27 07:12:04(UTC) - PKLMANAGER: data returned contains 1671 of rows and 5 of columns
DEBUG:root:2022-07-27 07:12:04(UTC) - PKLMANAGER: applying datetime filter to delta SC
DEBUG:root:2022-07-27 07:12:04(UTC) - PKLMANAGER: After Applying date and time filter the dataframe contains 0 rows and 5 columns
DEBUG:root:2022-07-27 07:12:04(UTC) - PKLMANAGER: setting delta SC column for histogram
DEBUG:root:2022-07-27 07:12:04(UTC) - PKLMANAGER: deltaSC for histogram contains a size of 0
DEBUG:root:2022-07-27 07:12:04(UTC) - PKLMANAGER: Loading Delta EWBS data...
DEBUG:root:2022-07-27 07:12:04(UTC) - PKLMANAGER: opening bz2 file: pickledata/ewbsNicaragua
DEBUG:root:2022-07-27 07:12:04(UTC) - PKLMANAGER: data returned contains 1692 of rows and 5 of columns
DEBUG:root:2022-07-27 07:12:04(UTC) - PKLMANAGER: applying date and time filter to delta EWBS...
DEBUG:root:2022-07-27 07:12:04(UTC) - PKLMANAGER: After Applying date and time filter the dataframe contains 0 rows and 5 columns
DEBUG:root:2022-07-27 07:12:04(UTC) - PKLMANAGER: setting deltaEWBS column for histogram
DEBUG:root:2022-07-27 07:12:04(UTC) - PKLMANAGER: deltaEWBS for histogram contains a size of 0
DEBUG:root:2022-07-27 07:12:04(UTC) - PKLMANAGER: dfSC: 0, dfAMQ: 2908, dfEWBS: 0, deltaSC: 0, deltaAMQ: 1454, deltaEWBS: 0
DEBUG:root:2022-07-27 07:12:04(UTC) - PKLMANAGER: Last Date and Time of data availability for El Salvador 
DEBUG:root:2022-07-27 07:12:04(UTC) - PKLMANAGER: reading the data for country El Salvador from 2022-07-26 07:12:04.417931+00:00 to 2022-07-27 07:12:04.417931+00:00 
DEBUG:root:2022-07-27 07:12:04(UTC) - PKLMANAGER: opening today and yesterday file
DEBUG:root:2022-07-27 07:12:04(UTC) - PKLMANAGER: opening bz2 file: pickledata/hb2022208ElSalvador
DEBUG:root:2022-07-27 07:12:04(UTC) - PKLMANAGER: opening bz2 file: pickledata/hbYdaElSalvador
DEBUG:root:2022-07-27 07:12:04(UTC) - PKLMANAGER: data returned contains 1896 of rows and 2 of columns
DEBUG:root:2022-07-27 07:12:04(UTC) - PKLMANAGER: applying filter based on datetime start and end
DEBUG:root:2022-07-27 07:12:04(UTC) - PKLMANAGER: Applying the date and time filter....
DEBUG:root:2022-07-27 07:12:04(UTC) - PKLMANAGER: After Applying date and time filter the returned data contains 1452 rows and 2 columns
DEBUG:root:2022-07-27 07:12:04(UTC) - PKLMANAGER: Resampled data contains 1452 rows and 2 columns
DEBUG:root:2022-07-27 07:12:04(UTC) - PKLMANAGER: setting delta AMQ column for histogram
DEBUG:root:2022-07-27 07:12:04(UTC) - PKLMANAGER: data for deltaAMQ histogram has a size of 1452
DEBUG:root:2022-07-27 07:12:04(UTC) - PKLMANAGER: Loading Delta SC data...
DEBUG:root:2022-07-27 07:12:04(UTC) - PKLMANAGER: opening bz2 file: pickledata/scElSalvador
DEBUG:root:2022-07-27 07:12:04(UTC) - PKLMANAGER: data returned contains 2022 of rows and 5 of columns
DEBUG:root:2022-07-27 07:12:04(UTC) - PKLMANAGER: applying datetime filter to delta SC
DEBUG:root:2022-07-27 07:12:04(UTC) - PKLMANAGER: After Applying date and time filter the dataframe contains 8 rows and 5 columns
DEBUG:root:2022-07-27 07:12:04(UTC) - PKLMANAGER: setting delta SC column for histogram
DEBUG:root:2022-07-27 07:12:04(UTC) - PKLMANAGER: deltaSC for histogram contains a size of 8
DEBUG:root:2022-07-27 07:12:04(UTC) - PKLMANAGER: Loading Delta EWBS data...
DEBUG:root:2022-07-27 07:12:04(UTC) - PKLMANAGER: opening bz2 file: pickledata/ewbsElSalvador
DEBUG:root:2022-07-27 07:12:04(UTC) - PKLMANAGER: data returned contains 2022 of rows and 5 of columns
DEBUG:root:2022-07-27 07:12:04(UTC) - PKLMANAGER: applying date and time filter to delta EWBS...
DEBUG:root:2022-07-27 07:12:04(UTC) - PKLMANAGER: After Applying date and time filter the dataframe contains 8 rows and 5 columns
DEBUG:root:2022-07-27 07:12:04(UTC) - PKLMANAGER: setting deltaEWBS column for histogram
DEBUG:root:2022-07-27 07:12:04(UTC) - PKLMANAGER: deltaEWBS for histogram contains a size of 8
DEBUG:root:2022-07-27 07:12:04(UTC) - PKLMANAGER: dfSC: 40, dfAMQ: 2904, dfEWBS: 40, deltaSC: 8, deltaAMQ: 1452, deltaEWBS: 8
DEBUG:root:2022-07-27 07:12:05(UTC) - PKLMANAGER: Last Date and Time of data availability for Costa Rica 
DEBUG:root:2022-07-27 07:12:05(UTC) - PKLMANAGER: reading the data for country Costa Rica from 2022-07-26 07:12:05.015340+00:00 to 2022-07-27 07:12:05.015340+00:00 
DEBUG:root:2022-07-27 07:12:05(UTC) - PKLMANAGER: opening today and yesterday file
DEBUG:root:2022-07-27 07:12:05(UTC) - PKLMANAGER: opening bz2 file: pickledata/hb2022208CostaRica
DEBUG:root:2022-07-27 07:12:05(UTC) - PKLMANAGER: opening bz2 file: pickledata/hbYdaCostaRica
DEBUG:root:2022-07-27 07:12:05(UTC) - PKLMANAGER: data returned contains 1892 of rows and 2 of columns
DEBUG:root:2022-07-27 07:12:05(UTC) - PKLMANAGER: applying filter based on datetime start and end
DEBUG:root:2022-07-27 07:12:05(UTC) - PKLMANAGER: Applying the date and time filter....
DEBUG:root:2022-07-27 07:12:05(UTC) - PKLMANAGER: After Applying date and time filter the returned data contains 1445 rows and 2 columns
DEBUG:root:2022-07-27 07:12:05(UTC) - PKLMANAGER: Resampled data contains 1445 rows and 2 columns
DEBUG:root:2022-07-27 07:12:05(UTC) - PKLMANAGER: setting delta AMQ column for histogram
DEBUG:root:2022-07-27 07:12:05(UTC) - PKLMANAGER: data for deltaAMQ histogram has a size of 1445
DEBUG:root:2022-07-27 07:12:05(UTC) - PKLMANAGER: Loading Delta SC data...
DEBUG:root:2022-07-27 07:12:05(UTC) - PKLMANAGER: opening bz2 file: pickledata/scCostaRica
DEBUG:root:2022-07-27 07:12:05(UTC) - PKLMANAGER: data returned contains 1395 of rows and 5 of columns
DEBUG:root:2022-07-27 07:12:05(UTC) - PKLMANAGER: applying datetime filter to delta SC
DEBUG:root:2022-07-27 07:12:05(UTC) - PKLMANAGER: After Applying date and time filter the dataframe contains 7 rows and 5 columns
DEBUG:root:2022-07-27 07:12:05(UTC) - PKLMANAGER: setting delta SC column for histogram
DEBUG:root:2022-07-27 07:12:05(UTC) - PKLMANAGER: deltaSC for histogram contains a size of 7
DEBUG:root:2022-07-27 07:12:05(UTC) - PKLMANAGER: Loading Delta EWBS data...
DEBUG:root:2022-07-27 07:12:05(UTC) - PKLMANAGER: opening bz2 file: pickledata/ewbsCostaRica
DEBUG:root:2022-07-27 07:12:05(UTC) - PKLMANAGER: data returned contains 1395 of rows and 5 of columns
DEBUG:root:2022-07-27 07:12:05(UTC) - PKLMANAGER: applying date and time filter to delta EWBS...
DEBUG:root:2022-07-27 07:12:05(UTC) - PKLMANAGER: After Applying date and time filter the dataframe contains 7 rows and 5 columns
DEBUG:root:2022-07-27 07:12:05(UTC) - PKLMANAGER: setting deltaEWBS column for histogram
DEBUG:root:2022-07-27 07:12:05(UTC) - PKLMANAGER: deltaEWBS for histogram contains a size of 7
DEBUG:root:2022-07-27 07:12:05(UTC) - PKLMANAGER: dfSC: 35, dfAMQ: 2890, dfEWBS: 35, deltaSC: 7, deltaAMQ: 1445, deltaEWBS: 7
DEBUG:root:2022-07-27 07:12:05(UTC) - PKLMANAGER: Last Date and Time of data availability for Nicaragua 
DEBUG:root:2022-07-27 07:12:05(UTC) - PKLMANAGER: reading the data for country Nicaragua from 2022-07-26 07:12:05.015340+00:00 to 2022-07-27 07:12:05.015340+00:00 
DEBUG:root:2022-07-27 07:12:05(UTC) - PKLMANAGER: opening today and yesterday file
DEBUG:root:2022-07-27 07:12:05(UTC) - PKLMANAGER: opening bz2 file: pickledata/hb2022208Nicaragua
DEBUG:root:2022-07-27 07:12:05(UTC) - PKLMANAGER: opening bz2 file: pickledata/hbYdaNicaragua
DEBUG:root:2022-07-27 07:12:05(UTC) - PKLMANAGER: data returned contains 1901 of rows and 2 of columns
DEBUG:root:2022-07-27 07:12:05(UTC) - PKLMANAGER: applying filter based on datetime start and end
DEBUG:root:2022-07-27 07:12:05(UTC) - PKLMANAGER: Applying the date and time filter....
DEBUG:root:2022-07-27 07:12:05(UTC) - PKLMANAGER: After Applying date and time filter the returned data contains 1454 rows and 2 columns
DEBUG:root:2022-07-27 07:12:05(UTC) - PKLMANAGER: Resampled data contains 1454 rows and 2 columns
DEBUG:root:2022-07-27 07:12:05(UTC) - PKLMANAGER: setting delta AMQ column for histogram
DEBUG:root:2022-07-27 07:12:05(UTC) - PKLMANAGER: data for deltaAMQ histogram has a size of 1454
DEBUG:root:2022-07-27 07:12:05(UTC) - PKLMANAGER: Loading Delta SC data...
DEBUG:root:2022-07-27 07:12:05(UTC) - PKLMANAGER: opening bz2 file: pickledata/scNicaragua
DEBUG:root:2022-07-27 07:12:05(UTC) - PKLMANAGER: data returned contains 1671 of rows and 5 of columns
DEBUG:root:2022-07-27 07:12:05(UTC) - PKLMANAGER: applying datetime filter to delta SC
DEBUG:root:2022-07-27 07:12:05(UTC) - PKLMANAGER: After Applying date and time filter the dataframe contains 0 rows and 5 columns
DEBUG:root:2022-07-27 07:12:05(UTC) - PKLMANAGER: setting delta SC column for histogram
DEBUG:root:2022-07-27 07:12:05(UTC) - PKLMANAGER: deltaSC for histogram contains a size of 0
DEBUG:root:2022-07-27 07:12:05(UTC) - PKLMANAGER: Loading Delta EWBS data...
DEBUG:root:2022-07-27 07:12:05(UTC) - PKLMANAGER: opening bz2 file: pickledata/ewbsNicaragua
DEBUG:root:2022-07-27 07:12:05(UTC) - PKLMANAGER: data returned contains 1692 of rows and 5 of columns
DEBUG:root:2022-07-27 07:12:05(UTC) - PKLMANAGER: applying date and time filter to delta EWBS...
DEBUG:root:2022-07-27 07:12:05(UTC) - PKLMANAGER: After Applying date and time filter the dataframe contains 0 rows and 5 columns
DEBUG:root:2022-07-27 07:12:05(UTC) - PKLMANAGER: setting deltaEWBS column for histogram
DEBUG:root:2022-07-27 07:12:05(UTC) - PKLMANAGER: deltaEWBS for histogram contains a size of 0
DEBUG:root:2022-07-27 07:12:05(UTC) - PKLMANAGER: dfSC: 0, dfAMQ: 2908, dfEWBS: 0, deltaSC: 0, deltaAMQ: 1454, deltaEWBS: 0
DEBUG:root:2022-07-27 07:12:05(UTC) - PKLMANAGER: Last Date and Time of data availability for El Salvador 
DEBUG:root:2022-07-27 07:12:05(UTC) - PKLMANAGER: reading the data for country El Salvador from 2022-07-26 07:12:05.015340+00:00 to 2022-07-27 07:12:05.015340+00:00 
DEBUG:root:2022-07-27 07:12:05(UTC) - PKLMANAGER: opening today and yesterday file
DEBUG:root:2022-07-27 07:12:05(UTC) - PKLMANAGER: opening bz2 file: pickledata/hb2022208ElSalvador
DEBUG:root:2022-07-27 07:12:05(UTC) - PKLMANAGER: opening bz2 file: pickledata/hbYdaElSalvador
DEBUG:root:2022-07-27 07:12:05(UTC) - PKLMANAGER: data returned contains 1896 of rows and 2 of columns
DEBUG:root:2022-07-27 07:12:05(UTC) - PKLMANAGER: applying filter based on datetime start and end
DEBUG:root:2022-07-27 07:12:05(UTC) - PKLMANAGER: Applying the date and time filter....
DEBUG:root:2022-07-27 07:12:05(UTC) - PKLMANAGER: After Applying date and time filter the returned data contains 1452 rows and 2 columns
DEBUG:root:2022-07-27 07:12:05(UTC) - PKLMANAGER: Resampled data contains 1452 rows and 2 columns
DEBUG:root:2022-07-27 07:12:05(UTC) - PKLMANAGER: setting delta AMQ column for histogram
DEBUG:root:2022-07-27 07:12:05(UTC) - PKLMANAGER: data for deltaAMQ histogram has a size of 1452
DEBUG:root:2022-07-27 07:12:05(UTC) - PKLMANAGER: Loading Delta SC data...
DEBUG:root:2022-07-27 07:12:05(UTC) - PKLMANAGER: opening bz2 file: pickledata/scElSalvador
DEBUG:root:2022-07-27 07:12:05(UTC) - PKLMANAGER: data returned contains 2022 of rows and 5 of columns
DEBUG:root:2022-07-27 07:12:05(UTC) - PKLMANAGER: applying datetime filter to delta SC
DEBUG:root:2022-07-27 07:12:05(UTC) - PKLMANAGER: After Applying date and time filter the dataframe contains 8 rows and 5 columns
DEBUG:root:2022-07-27 07:12:05(UTC) - PKLMANAGER: setting delta SC column for histogram
DEBUG:root:2022-07-27 07:12:05(UTC) - PKLMANAGER: deltaSC for histogram contains a size of 8
DEBUG:root:2022-07-27 07:12:05(UTC) - PKLMANAGER: Loading Delta EWBS data...
DEBUG:root:2022-07-27 07:12:05(UTC) - PKLMANAGER: opening bz2 file: pickledata/ewbsElSalvador
DEBUG:root:2022-07-27 07:12:05(UTC) - PKLMANAGER: data returned contains 2022 of rows and 5 of columns
DEBUG:root:2022-07-27 07:12:05(UTC) - PKLMANAGER: applying date and time filter to delta EWBS...
DEBUG:root:2022-07-27 07:12:05(UTC) - PKLMANAGER: After Applying date and time filter the dataframe contains 8 rows and 5 columns
DEBUG:root:2022-07-27 07:12:05(UTC) - PKLMANAGER: setting deltaEWBS column for histogram
DEBUG:root:2022-07-27 07:12:05(UTC) - PKLMANAGER: deltaEWBS for histogram contains a size of 8
DEBUG:root:2022-07-27 07:12:05(UTC) - PKLMANAGER: dfSC: 40, dfAMQ: 2904, dfEWBS: 40, deltaSC: 8, deltaAMQ: 1452, deltaEWBS: 8
DEBUG:root:2022-07-27 07:12:05(UTC) - GRAPHGEN: No enough data for deltaSC histogram for Nicaragua
DEBUG:root:2022-07-27 07:12:05(UTC) - GRAPHGEN: No enough data for deltaEWBS histogram for Nicaragua
DEBUG:root:2022-07-27 07:12:05(UTC) - GRAPHGEN: No data for delta SC timeline for Nicaragua
DEBUG:root:2022-07-27 07:12:06(UTC) - GRAPHGEN: No data for delta EWBS timeline for Nicaragua
DEBUG:root:2022-07-27 07:12:06(UTC) - PKLMANAGER: Last Date and Time of data availability for Costa Rica 
DEBUG:root:2022-07-27 07:12:06(UTC) - PKLMANAGER: reading the data for country Costa Rica from 2022-07-26 07:12:06.207549+00:00 to 2022-07-27 07:12:06.207549+00:00 
DEBUG:root:2022-07-27 07:12:06(UTC) - PKLMANAGER: opening today and yesterday file
DEBUG:root:2022-07-27 07:12:06(UTC) - PKLMANAGER: opening bz2 file: pickledata/hb2022208CostaRica
DEBUG:root:2022-07-27 07:12:06(UTC) - PKLMANAGER: opening bz2 file: pickledata/hbYdaCostaRica
DEBUG:root:2022-07-27 07:12:06(UTC) - PKLMANAGER: data returned contains 1892 of rows and 2 of columns
DEBUG:root:2022-07-27 07:12:06(UTC) - PKLMANAGER: applying filter based on datetime start and end
DEBUG:root:2022-07-27 07:12:06(UTC) - PKLMANAGER: Applying the date and time filter....
DEBUG:root:2022-07-27 07:12:06(UTC) - PKLMANAGER: After Applying date and time filter the returned data contains 1445 rows and 2 columns
DEBUG:root:2022-07-27 07:12:06(UTC) - PKLMANAGER: Resampled data contains 1445 rows and 2 columns
DEBUG:root:2022-07-27 07:12:06(UTC) - PKLMANAGER: setting delta AMQ column for histogram
DEBUG:root:2022-07-27 07:12:06(UTC) - PKLMANAGER: data for deltaAMQ histogram has a size of 1445
DEBUG:root:2022-07-27 07:12:06(UTC) - PKLMANAGER: Loading Delta SC data...
DEBUG:root:2022-07-27 07:12:06(UTC) - PKLMANAGER: opening bz2 file: pickledata/scCostaRica
DEBUG:root:2022-07-27 07:12:06(UTC) - PKLMANAGER: data returned contains 1395 of rows and 5 of columns
DEBUG:root:2022-07-27 07:12:06(UTC) - PKLMANAGER: applying datetime filter to delta SC
DEBUG:root:2022-07-27 07:12:06(UTC) - PKLMANAGER: After Applying date and time filter the dataframe contains 7 rows and 5 columns
DEBUG:root:2022-07-27 07:12:06(UTC) - PKLMANAGER: setting delta SC column for histogram
DEBUG:root:2022-07-27 07:12:06(UTC) - PKLMANAGER: deltaSC for histogram contains a size of 7
DEBUG:root:2022-07-27 07:12:06(UTC) - PKLMANAGER: Loading Delta EWBS data...
DEBUG:root:2022-07-27 07:12:06(UTC) - PKLMANAGER: opening bz2 file: pickledata/ewbsCostaRica
DEBUG:root:2022-07-27 07:12:06(UTC) - PKLMANAGER: data returned contains 1395 of rows and 5 of columns
DEBUG:root:2022-07-27 07:12:06(UTC) - PKLMANAGER: applying date and time filter to delta EWBS...
DEBUG:root:2022-07-27 07:12:06(UTC) - PKLMANAGER: After Applying date and time filter the dataframe contains 7 rows and 5 columns
DEBUG:root:2022-07-27 07:12:06(UTC) - PKLMANAGER: setting deltaEWBS column for histogram
DEBUG:root:2022-07-27 07:12:06(UTC) - PKLMANAGER: deltaEWBS for histogram contains a size of 7
DEBUG:root:2022-07-27 07:12:06(UTC) - PKLMANAGER: dfSC: 35, dfAMQ: 2890, dfEWBS: 35, deltaSC: 7, deltaAMQ: 1445, deltaEWBS: 7
DEBUG:root:2022-07-27 07:12:06(UTC) - PKLMANAGER: Last Date and Time of data availability for Nicaragua 
DEBUG:root:2022-07-27 07:12:06(UTC) - PKLMANAGER: reading the data for country Nicaragua from 2022-07-26 07:12:06.207549+00:00 to 2022-07-27 07:12:06.207549+00:00 
DEBUG:root:2022-07-27 07:12:06(UTC) - PKLMANAGER: opening today and yesterday file
DEBUG:root:2022-07-27 07:12:06(UTC) - PKLMANAGER: opening bz2 file: pickledata/hb2022208Nicaragua
DEBUG:root:2022-07-27 07:12:06(UTC) - PKLMANAGER: opening bz2 file: pickledata/hbYdaNicaragua
DEBUG:root:2022-07-27 07:12:06(UTC) - PKLMANAGER: data returned contains 1901 of rows and 2 of columns
DEBUG:root:2022-07-27 07:12:06(UTC) - PKLMANAGER: applying filter based on datetime start and end
DEBUG:root:2022-07-27 07:12:06(UTC) - PKLMANAGER: Applying the date and time filter....
DEBUG:root:2022-07-27 07:12:06(UTC) - PKLMANAGER: After Applying date and time filter the returned data contains 1454 rows and 2 columns
DEBUG:root:2022-07-27 07:12:06(UTC) - PKLMANAGER: Resampled data contains 1454 rows and 2 columns
DEBUG:root:2022-07-27 07:12:06(UTC) - PKLMANAGER: setting delta AMQ column for histogram
DEBUG:root:2022-07-27 07:12:06(UTC) - PKLMANAGER: data for deltaAMQ histogram has a size of 1454
DEBUG:root:2022-07-27 07:12:06(UTC) - PKLMANAGER: Loading Delta SC data...
DEBUG:root:2022-07-27 07:12:06(UTC) - PKLMANAGER: opening bz2 file: pickledata/scNicaragua
DEBUG:root:2022-07-27 07:12:06(UTC) - PKLMANAGER: data returned contains 1671 of rows and 5 of columns
DEBUG:root:2022-07-27 07:12:06(UTC) - PKLMANAGER: applying datetime filter to delta SC
DEBUG:root:2022-07-27 07:12:06(UTC) - PKLMANAGER: After Applying date and time filter the dataframe contains 0 rows and 5 columns
DEBUG:root:2022-07-27 07:12:06(UTC) - PKLMANAGER: setting delta SC column for histogram
DEBUG:root:2022-07-27 07:12:06(UTC) - PKLMANAGER: deltaSC for histogram contains a size of 0
DEBUG:root:2022-07-27 07:12:06(UTC) - PKLMANAGER: Loading Delta EWBS data...
DEBUG:root:2022-07-27 07:12:06(UTC) - PKLMANAGER: opening bz2 file: pickledata/ewbsNicaragua
DEBUG:root:2022-07-27 07:12:06(UTC) - PKLMANAGER: data returned contains 1692 of rows and 5 of columns
DEBUG:root:2022-07-27 07:12:06(UTC) - PKLMANAGER: applying date and time filter to delta EWBS...
DEBUG:root:2022-07-27 07:12:06(UTC) - PKLMANAGER: After Applying date and time filter the dataframe contains 0 rows and 5 columns
DEBUG:root:2022-07-27 07:12:06(UTC) - PKLMANAGER: setting deltaEWBS column for histogram
DEBUG:root:2022-07-27 07:12:06(UTC) - PKLMANAGER: deltaEWBS for histogram contains a size of 0
DEBUG:root:2022-07-27 07:12:06(UTC) - PKLMANAGER: dfSC: 0, dfAMQ: 2908, dfEWBS: 0, deltaSC: 0, deltaAMQ: 1454, deltaEWBS: 0
DEBUG:root:2022-07-27 07:12:06(UTC) - PKLMANAGER: Last Date and Time of data availability for El Salvador 
DEBUG:root:2022-07-27 07:12:06(UTC) - PKLMANAGER: reading the data for country El Salvador from 2022-07-26 07:12:06.207549+00:00 to 2022-07-27 07:12:06.207549+00:00 
DEBUG:root:2022-07-27 07:12:06(UTC) - PKLMANAGER: opening today and yesterday file
DEBUG:root:2022-07-27 07:12:06(UTC) - PKLMANAGER: opening bz2 file: pickledata/hb2022208ElSalvador
DEBUG:root:2022-07-27 07:12:06(UTC) - PKLMANAGER: opening bz2 file: pickledata/hbYdaElSalvador
DEBUG:root:2022-07-27 07:12:06(UTC) - PKLMANAGER: data returned contains 1896 of rows and 2 of columns
DEBUG:root:2022-07-27 07:12:06(UTC) - PKLMANAGER: applying filter based on datetime start and end
DEBUG:root:2022-07-27 07:12:06(UTC) - PKLMANAGER: Applying the date and time filter....
DEBUG:root:2022-07-27 07:12:06(UTC) - PKLMANAGER: After Applying date and time filter the returned data contains 1452 rows and 2 columns
DEBUG:root:2022-07-27 07:12:06(UTC) - PKLMANAGER: Resampled data contains 1452 rows and 2 columns
DEBUG:root:2022-07-27 07:12:06(UTC) - PKLMANAGER: setting delta AMQ column for histogram
DEBUG:root:2022-07-27 07:12:06(UTC) - PKLMANAGER: data for deltaAMQ histogram has a size of 1452
DEBUG:root:2022-07-27 07:12:06(UTC) - PKLMANAGER: Loading Delta SC data...
DEBUG:root:2022-07-27 07:12:06(UTC) - PKLMANAGER: opening bz2 file: pickledata/scElSalvador
DEBUG:root:2022-07-27 07:12:06(UTC) - PKLMANAGER: data returned contains 2022 of rows and 5 of columns
DEBUG:root:2022-07-27 07:12:06(UTC) - PKLMANAGER: applying datetime filter to delta SC
DEBUG:root:2022-07-27 07:12:06(UTC) - PKLMANAGER: After Applying date and time filter the dataframe contains 8 rows and 5 columns
DEBUG:root:2022-07-27 07:12:06(UTC) - PKLMANAGER: setting delta SC column for histogram
DEBUG:root:2022-07-27 07:12:06(UTC) - PKLMANAGER: deltaSC for histogram contains a size of 8
DEBUG:root:2022-07-27 07:12:06(UTC) - PKLMANAGER: Loading Delta EWBS data...
DEBUG:root:2022-07-27 07:12:06(UTC) - PKLMANAGER: opening bz2 file: pickledata/ewbsElSalvador
DEBUG:root:2022-07-27 07:12:06(UTC) - PKLMANAGER: data returned contains 2022 of rows and 5 of columns
DEBUG:root:2022-07-27 07:12:06(UTC) - PKLMANAGER: applying date and time filter to delta EWBS...
DEBUG:root:2022-07-27 07:12:06(UTC) - PKLMANAGER: After Applying date and time filter the dataframe contains 8 rows and 5 columns
DEBUG:root:2022-07-27 07:12:06(UTC) - PKLMANAGER: setting deltaEWBS column for histogram
DEBUG:root:2022-07-27 07:12:06(UTC) - PKLMANAGER: deltaEWBS for histogram contains a size of 8
DEBUG:root:2022-07-27 07:12:06(UTC) - PKLMANAGER: dfSC: 40, dfAMQ: 2904, dfEWBS: 40, deltaSC: 8, deltaAMQ: 1452, deltaEWBS: 8
DEBUG:root:2022-07-27 07:12:06(UTC) - GRAPHGEN: No enough data for deltaSC histogram for Nicaragua
DEBUG:root:2022-07-27 07:12:07(UTC) - GRAPHGEN: No enough data for deltaEWBS histogram for Nicaragua
DEBUG:root:2022-07-27 07:12:07(UTC) - GRAPHGEN: No data for delta SC timeline for Nicaragua
DEBUG:root:2022-07-27 07:12:07(UTC) - GRAPHGEN: No data for delta EWBS timeline for Nicaragua
DEBUG:root:2022-07-27 07:12:07(UTC) - PKLMANAGER: Last Date and Time of data availability for Costa Rica 
DEBUG:root:2022-07-27 07:12:07(UTC) - PKLMANAGER: reading the data for country Costa Rica from 2022-07-27 00:00:00+00:00 to 2022-07-27 07:12:07.382353+00:00 
DEBUG:root:2022-07-27 07:12:07(UTC) - PKLMANAGER: opening today's file
DEBUG:root:2022-07-27 07:12:07(UTC) - PKLMANAGER: opening bz2 file: pickledata/hb2022208CostaRica
DEBUG:root:2022-07-27 07:12:07(UTC) - PKLMANAGER: data returned contains 419 of rows and 2 of columns
DEBUG:root:2022-07-27 07:12:07(UTC) - PKLMANAGER: applying filter based on datetime start and end
DEBUG:root:2022-07-27 07:12:07(UTC) - PKLMANAGER: Applying the date and time filter....
DEBUG:root:2022-07-27 07:12:07(UTC) - PKLMANAGER: After Applying date and time filter the returned data contains 419 rows and 2 columns
DEBUG:root:2022-07-27 07:12:07(UTC) - PKLMANAGER: Resampled data contains 419 rows and 2 columns
DEBUG:root:2022-07-27 07:12:07(UTC) - PKLMANAGER: setting delta AMQ column for histogram
DEBUG:root:2022-07-27 07:12:07(UTC) - PKLMANAGER: data for deltaAMQ histogram has a size of 419
DEBUG:root:2022-07-27 07:12:07(UTC) - PKLMANAGER: Loading Delta SC data...
DEBUG:root:2022-07-27 07:12:07(UTC) - PKLMANAGER: opening bz2 file: pickledata/scCostaRica
DEBUG:root:2022-07-27 07:12:07(UTC) - PKLMANAGER: data returned contains 1395 of rows and 5 of columns
DEBUG:root:2022-07-27 07:12:07(UTC) - PKLMANAGER: applying datetime filter to delta SC
DEBUG:root:2022-07-27 07:12:07(UTC) - PKLMANAGER: After Applying date and time filter the dataframe contains 3 rows and 5 columns
DEBUG:root:2022-07-27 07:12:07(UTC) - PKLMANAGER: setting delta SC column for histogram
DEBUG:root:2022-07-27 07:12:07(UTC) - PKLMANAGER: deltaSC for histogram contains a size of 3
DEBUG:root:2022-07-27 07:12:07(UTC) - PKLMANAGER: Loading Delta EWBS data...
DEBUG:root:2022-07-27 07:12:07(UTC) - PKLMANAGER: opening bz2 file: pickledata/ewbsCostaRica
DEBUG:root:2022-07-27 07:12:07(UTC) - PKLMANAGER: data returned contains 1395 of rows and 5 of columns
DEBUG:root:2022-07-27 07:12:07(UTC) - PKLMANAGER: applying date and time filter to delta EWBS...
DEBUG:root:2022-07-27 07:12:07(UTC) - PKLMANAGER: After Applying date and time filter the dataframe contains 3 rows and 5 columns
DEBUG:root:2022-07-27 07:12:07(UTC) - PKLMANAGER: setting deltaEWBS column for histogram
DEBUG:root:2022-07-27 07:12:07(UTC) - PKLMANAGER: deltaEWBS for histogram contains a size of 3
DEBUG:root:2022-07-27 07:12:07(UTC) - PKLMANAGER: dfSC: 15, dfAMQ: 838, dfEWBS: 15, deltaSC: 3, deltaAMQ: 419, deltaEWBS: 3
DEBUG:root:2022-07-27 07:12:07(UTC) - PKLMANAGER: Last Date and Time of data availability for Nicaragua 
DEBUG:root:2022-07-27 07:12:07(UTC) - PKLMANAGER: reading the data for country Nicaragua from 2022-07-27 00:00:00+00:00 to 2022-07-27 07:12:07.382353+00:00 
DEBUG:root:2022-07-27 07:12:07(UTC) - PKLMANAGER: opening today's file
DEBUG:root:2022-07-27 07:12:07(UTC) - PKLMANAGER: opening bz2 file: pickledata/hb2022208Nicaragua
DEBUG:root:2022-07-27 07:12:07(UTC) - PKLMANAGER: data returned contains 423 of rows and 2 of columns
DEBUG:root:2022-07-27 07:12:07(UTC) - PKLMANAGER: applying filter based on datetime start and end
DEBUG:root:2022-07-27 07:12:07(UTC) - PKLMANAGER: Applying the date and time filter....
DEBUG:root:2022-07-27 07:12:07(UTC) - PKLMANAGER: After Applying date and time filter the returned data contains 423 rows and 2 columns
DEBUG:root:2022-07-27 07:12:07(UTC) - PKLMANAGER: Resampled data contains 423 rows and 2 columns
DEBUG:root:2022-07-27 07:12:07(UTC) - PKLMANAGER: setting delta AMQ column for histogram
DEBUG:root:2022-07-27 07:12:07(UTC) - PKLMANAGER: data for deltaAMQ histogram has a size of 423
DEBUG:root:2022-07-27 07:12:07(UTC) - PKLMANAGER: Loading Delta SC data...
DEBUG:root:2022-07-27 07:12:07(UTC) - PKLMANAGER: opening bz2 file: pickledata/scNicaragua
DEBUG:root:2022-07-27 07:12:07(UTC) - PKLMANAGER: data returned contains 1671 of rows and 5 of columns
DEBUG:root:2022-07-27 07:12:07(UTC) - PKLMANAGER: applying datetime filter to delta SC
DEBUG:root:2022-07-27 07:12:07(UTC) - PKLMANAGER: After Applying date and time filter the dataframe contains 0 rows and 5 columns
DEBUG:root:2022-07-27 07:12:07(UTC) - PKLMANAGER: setting delta SC column for histogram
DEBUG:root:2022-07-27 07:12:07(UTC) - PKLMANAGER: deltaSC for histogram contains a size of 0
DEBUG:root:2022-07-27 07:12:07(UTC) - PKLMANAGER: Loading Delta EWBS data...
DEBUG:root:2022-07-27 07:12:07(UTC) - PKLMANAGER: opening bz2 file: pickledata/ewbsNicaragua
DEBUG:root:2022-07-27 07:12:07(UTC) - PKLMANAGER: data returned contains 1692 of rows and 5 of columns
DEBUG:root:2022-07-27 07:12:07(UTC) - PKLMANAGER: applying date and time filter to delta EWBS...
DEBUG:root:2022-07-27 07:12:07(UTC) - PKLMANAGER: After Applying date and time filter the dataframe contains 0 rows and 5 columns
DEBUG:root:2022-07-27 07:12:07(UTC) - PKLMANAGER: setting deltaEWBS column for histogram
DEBUG:root:2022-07-27 07:12:07(UTC) - PKLMANAGER: deltaEWBS for histogram contains a size of 0
DEBUG:root:2022-07-27 07:12:07(UTC) - PKLMANAGER: dfSC: 0, dfAMQ: 846, dfEWBS: 0, deltaSC: 0, deltaAMQ: 423, deltaEWBS: 0
DEBUG:root:2022-07-27 07:12:07(UTC) - PKLMANAGER: Last Date and Time of data availability for El Salvador 
DEBUG:root:2022-07-27 07:12:07(UTC) - PKLMANAGER: reading the data for country El Salvador from 2022-07-27 00:00:00+00:00 to 2022-07-27 07:12:07.382353+00:00 
DEBUG:root:2022-07-27 07:12:07(UTC) - PKLMANAGER: opening today's file
DEBUG:root:2022-07-27 07:12:07(UTC) - PKLMANAGER: opening bz2 file: pickledata/hb2022208ElSalvador
DEBUG:root:2022-07-27 07:12:07(UTC) - PKLMANAGER: data returned contains 440 of rows and 2 of columns
DEBUG:root:2022-07-27 07:12:07(UTC) - PKLMANAGER: applying filter based on datetime start and end
DEBUG:root:2022-07-27 07:12:07(UTC) - PKLMANAGER: Applying the date and time filter....
DEBUG:root:2022-07-27 07:12:07(UTC) - PKLMANAGER: After Applying date and time filter the returned data contains 440 rows and 2 columns
DEBUG:root:2022-07-27 07:12:07(UTC) - PKLMANAGER: Resampled data contains 440 rows and 2 columns
DEBUG:root:2022-07-27 07:12:07(UTC) - PKLMANAGER: setting delta AMQ column for histogram
DEBUG:root:2022-07-27 07:12:07(UTC) - PKLMANAGER: data for deltaAMQ histogram has a size of 440
DEBUG:root:2022-07-27 07:12:07(UTC) - PKLMANAGER: Loading Delta SC data...
DEBUG:root:2022-07-27 07:12:07(UTC) - PKLMANAGER: opening bz2 file: pickledata/scElSalvador
DEBUG:root:2022-07-27 07:12:07(UTC) - PKLMANAGER: data returned contains 2022 of rows and 5 of columns
DEBUG:root:2022-07-27 07:12:07(UTC) - PKLMANAGER: applying datetime filter to delta SC
DEBUG:root:2022-07-27 07:12:07(UTC) - PKLMANAGER: After Applying date and time filter the dataframe contains 2 rows and 5 columns
DEBUG:root:2022-07-27 07:12:07(UTC) - PKLMANAGER: setting delta SC column for histogram
DEBUG:root:2022-07-27 07:12:07(UTC) - PKLMANAGER: deltaSC for histogram contains a size of 2
DEBUG:root:2022-07-27 07:12:07(UTC) - PKLMANAGER: Loading Delta EWBS data...
DEBUG:root:2022-07-27 07:12:07(UTC) - PKLMANAGER: opening bz2 file: pickledata/ewbsElSalvador
DEBUG:root:2022-07-27 07:12:07(UTC) - PKLMANAGER: data returned contains 2022 of rows and 5 of columns
DEBUG:root:2022-07-27 07:12:07(UTC) - PKLMANAGER: applying date and time filter to delta EWBS...
DEBUG:root:2022-07-27 07:12:07(UTC) - PKLMANAGER: After Applying date and time filter the dataframe contains 2 rows and 5 columns
DEBUG:root:2022-07-27 07:12:07(UTC) - PKLMANAGER: setting deltaEWBS column for histogram
DEBUG:root:2022-07-27 07:12:07(UTC) - PKLMANAGER: deltaEWBS for histogram contains a size of 2
DEBUG:root:2022-07-27 07:12:07(UTC) - PKLMANAGER: dfSC: 10, dfAMQ: 880, dfEWBS: 10, deltaSC: 2, deltaAMQ: 440, deltaEWBS: 2
DEBUG:root:2022-07-27 07:12:07(UTC) - PKLMANAGER: applying resampling each 60 seconds
DEBUG:root:2022-07-27 07:12:07(UTC) - GRAPHGEN: No enough data for deltaSC histogram for Costa Rica
DEBUG:root:2022-07-27 07:12:07(UTC) - GRAPHGEN: No enough data for deltaSC histogram for Nicaragua
DEBUG:root:2022-07-27 07:12:07(UTC) - GRAPHGEN: No enough data for deltaSC histogram for El Salvador
/home/fmassin/anaconda3/lib/python3.7/site-packages/bokeh/models/plots.py:815: UserWarning: 
You are attempting to set `plot.legend.location` on a plot that has zero legends added, this will have no effect.

Before legend properties can be set, you must add a Legend explicitly, or call a glyph method with a legend parameter set.

  warnings.warn(_LEGEND_EMPTY_WARNING % attr)
/home/fmassin/anaconda3/lib/python3.7/site-packages/bokeh/models/plots.py:815: UserWarning: 
You are attempting to set `plot.legend.click_policy` on a plot that has zero legends added, this will have no effect.

Before legend properties can be set, you must add a Legend explicitly, or call a glyph method with a legend parameter set.

  warnings.warn(_LEGEND_EMPTY_WARNING % attr)
DEBUG:root:2022-07-27 07:12:08(UTC) - GRAPHGEN: No enough data for deltaEWBS histogram for Costa Rica
DEBUG:root:2022-07-27 07:12:08(UTC) - GRAPHGEN: No enough data for deltaEWBS histogram for Nicaragua
DEBUG:root:2022-07-27 07:12:08(UTC) - GRAPHGEN: No enough data for deltaEWBS histogram for El Salvador
DEBUG:root:2022-07-27 07:12:08(UTC) - GRAPHGEN: No data for delta SC timeline for Nicaragua
DEBUG:root:2022-07-27 07:12:08(UTC) - GRAPHGEN: No data for delta EWBS timeline for Nicaragua
DEBUG:root:2022-07-27 07:12:08(UTC) - PKLMANAGER: Last Date and Time of data availability for Costa Rica 
DEBUG:root:2022-07-27 07:12:08(UTC) - PKLMANAGER: reading the data for country Costa Rica from 2022-07-26 00:00:00+00:00 to 2022-07-27 00:00:00+00:00 
DEBUG:root:2022-07-27 07:12:08(UTC) - PKLMANAGER: opening today and yesterday file
DEBUG:root:2022-07-27 07:12:08(UTC) - PKLMANAGER: opening bz2 file: pickledata/hb2022208CostaRica
DEBUG:root:2022-07-27 07:12:08(UTC) - PKLMANAGER: opening bz2 file: pickledata/hbYdaCostaRica
DEBUG:root:2022-07-27 07:12:08(UTC) - PKLMANAGER: data returned contains 1892 of rows and 2 of columns
DEBUG:root:2022-07-27 07:12:08(UTC) - PKLMANAGER: applying filter based on datetime start and end
DEBUG:root:2022-07-27 07:12:08(UTC) - PKLMANAGER: Applying the date and time filter....
DEBUG:root:2022-07-27 07:12:08(UTC) - PKLMANAGER: After Applying date and time filter the returned data contains 1474 rows and 2 columns
DEBUG:root:2022-07-27 07:12:08(UTC) - PKLMANAGER: Resampled data contains 1474 rows and 2 columns
DEBUG:root:2022-07-27 07:12:08(UTC) - PKLMANAGER: setting delta AMQ column for histogram
DEBUG:root:2022-07-27 07:12:08(UTC) - PKLMANAGER: data for deltaAMQ histogram has a size of 1474
DEBUG:root:2022-07-27 07:12:08(UTC) - PKLMANAGER: Loading Delta SC data...
DEBUG:root:2022-07-27 07:12:08(UTC) - PKLMANAGER: opening bz2 file: pickledata/scCostaRica
DEBUG:root:2022-07-27 07:12:08(UTC) - PKLMANAGER: data returned contains 1395 of rows and 5 of columns
DEBUG:root:2022-07-27 07:12:08(UTC) - PKLMANAGER: applying datetime filter to delta SC
DEBUG:root:2022-07-27 07:12:08(UTC) - PKLMANAGER: After Applying date and time filter the dataframe contains 6 rows and 5 columns
DEBUG:root:2022-07-27 07:12:08(UTC) - PKLMANAGER: setting delta SC column for histogram
DEBUG:root:2022-07-27 07:12:08(UTC) - PKLMANAGER: deltaSC for histogram contains a size of 6
DEBUG:root:2022-07-27 07:12:08(UTC) - PKLMANAGER: Loading Delta EWBS data...
DEBUG:root:2022-07-27 07:12:08(UTC) - PKLMANAGER: opening bz2 file: pickledata/ewbsCostaRica
DEBUG:root:2022-07-27 07:12:08(UTC) - PKLMANAGER: data returned contains 1395 of rows and 5 of columns
DEBUG:root:2022-07-27 07:12:08(UTC) - PKLMANAGER: applying date and time filter to delta EWBS...
DEBUG:root:2022-07-27 07:12:08(UTC) - PKLMANAGER: After Applying date and time filter the dataframe contains 6 rows and 5 columns
DEBUG:root:2022-07-27 07:12:08(UTC) - PKLMANAGER: setting deltaEWBS column for histogram
DEBUG:root:2022-07-27 07:12:08(UTC) - PKLMANAGER: deltaEWBS for histogram contains a size of 6
DEBUG:root:2022-07-27 07:12:08(UTC) - PKLMANAGER: dfSC: 30, dfAMQ: 2948, dfEWBS: 30, deltaSC: 6, deltaAMQ: 1474, deltaEWBS: 6
DEBUG:root:2022-07-27 07:12:08(UTC) - PKLMANAGER: Last Date and Time of data availability for Nicaragua 
DEBUG:root:2022-07-27 07:12:08(UTC) - PKLMANAGER: reading the data for country Nicaragua from 2022-07-26 00:00:00+00:00 to 2022-07-27 00:00:00+00:00 
DEBUG:root:2022-07-27 07:12:08(UTC) - PKLMANAGER: opening today and yesterday file
DEBUG:root:2022-07-27 07:12:08(UTC) - PKLMANAGER: opening bz2 file: pickledata/hb2022208Nicaragua
DEBUG:root:2022-07-27 07:12:08(UTC) - PKLMANAGER: opening bz2 file: pickledata/hbYdaNicaragua
DEBUG:root:2022-07-27 07:12:08(UTC) - PKLMANAGER: data returned contains 1901 of rows and 2 of columns
DEBUG:root:2022-07-27 07:12:08(UTC) - PKLMANAGER: applying filter based on datetime start and end
DEBUG:root:2022-07-27 07:12:08(UTC) - PKLMANAGER: Applying the date and time filter....
DEBUG:root:2022-07-27 07:12:08(UTC) - PKLMANAGER: After Applying date and time filter the returned data contains 1479 rows and 2 columns
DEBUG:root:2022-07-27 07:12:08(UTC) - PKLMANAGER: Resampled data contains 1479 rows and 2 columns
DEBUG:root:2022-07-27 07:12:08(UTC) - PKLMANAGER: setting delta AMQ column for histogram
DEBUG:root:2022-07-27 07:12:08(UTC) - PKLMANAGER: data for deltaAMQ histogram has a size of 1479
DEBUG:root:2022-07-27 07:12:08(UTC) - PKLMANAGER: Loading Delta SC data...
DEBUG:root:2022-07-27 07:12:08(UTC) - PKLMANAGER: opening bz2 file: pickledata/scNicaragua
DEBUG:root:2022-07-27 07:12:08(UTC) - PKLMANAGER: data returned contains 1671 of rows and 5 of columns
DEBUG:root:2022-07-27 07:12:08(UTC) - PKLMANAGER: applying datetime filter to delta SC
DEBUG:root:2022-07-27 07:12:08(UTC) - PKLMANAGER: After Applying date and time filter the dataframe contains 1 rows and 5 columns
DEBUG:root:2022-07-27 07:12:08(UTC) - PKLMANAGER: setting delta SC column for histogram
DEBUG:root:2022-07-27 07:12:08(UTC) - PKLMANAGER: deltaSC for histogram contains a size of 1
DEBUG:root:2022-07-27 07:12:08(UTC) - PKLMANAGER: Loading Delta EWBS data...
DEBUG:root:2022-07-27 07:12:08(UTC) - PKLMANAGER: opening bz2 file: pickledata/ewbsNicaragua
DEBUG:root:2022-07-27 07:12:08(UTC) - PKLMANAGER: data returned contains 1692 of rows and 5 of columns
DEBUG:root:2022-07-27 07:12:08(UTC) - PKLMANAGER: applying date and time filter to delta EWBS...
DEBUG:root:2022-07-27 07:12:08(UTC) - PKLMANAGER: After Applying date and time filter the dataframe contains 1 rows and 5 columns
DEBUG:root:2022-07-27 07:12:08(UTC) - PKLMANAGER: setting deltaEWBS column for histogram
DEBUG:root:2022-07-27 07:12:08(UTC) - PKLMANAGER: deltaEWBS for histogram contains a size of 1
DEBUG:root:2022-07-27 07:12:08(UTC) - PKLMANAGER: dfSC: 5, dfAMQ: 2958, dfEWBS: 5, deltaSC: 1, deltaAMQ: 1479, deltaEWBS: 1
DEBUG:root:2022-07-27 07:12:08(UTC) - PKLMANAGER: Last Date and Time of data availability for El Salvador 
DEBUG:root:2022-07-27 07:12:08(UTC) - PKLMANAGER: reading the data for country El Salvador from 2022-07-26 00:00:00+00:00 to 2022-07-27 00:00:00+00:00 
DEBUG:root:2022-07-27 07:12:08(UTC) - PKLMANAGER: opening today and yesterday file
DEBUG:root:2022-07-27 07:12:08(UTC) - PKLMANAGER: opening bz2 file: pickledata/hb2022208ElSalvador
DEBUG:root:2022-07-27 07:12:08(UTC) - PKLMANAGER: opening bz2 file: pickledata/hbYdaElSalvador
DEBUG:root:2022-07-27 07:12:08(UTC) - PKLMANAGER: data returned contains 1896 of rows and 2 of columns
DEBUG:root:2022-07-27 07:12:08(UTC) - PKLMANAGER: applying filter based on datetime start and end
DEBUG:root:2022-07-27 07:12:08(UTC) - PKLMANAGER: Applying the date and time filter....
DEBUG:root:2022-07-27 07:12:08(UTC) - PKLMANAGER: After Applying date and time filter the returned data contains 1457 rows and 2 columns
DEBUG:root:2022-07-27 07:12:08(UTC) - PKLMANAGER: Resampled data contains 1457 rows and 2 columns
DEBUG:root:2022-07-27 07:12:08(UTC) - PKLMANAGER: setting delta AMQ column for histogram
DEBUG:root:2022-07-27 07:12:08(UTC) - PKLMANAGER: data for deltaAMQ histogram has a size of 1457
DEBUG:root:2022-07-27 07:12:08(UTC) - PKLMANAGER: Loading Delta SC data...
DEBUG:root:2022-07-27 07:12:08(UTC) - PKLMANAGER: opening bz2 file: pickledata/scElSalvador
DEBUG:root:2022-07-27 07:12:08(UTC) - PKLMANAGER: data returned contains 2022 of rows and 5 of columns
DEBUG:root:2022-07-27 07:12:08(UTC) - PKLMANAGER: applying datetime filter to delta SC
DEBUG:root:2022-07-27 07:12:08(UTC) - PKLMANAGER: After Applying date and time filter the dataframe contains 12 rows and 5 columns
DEBUG:root:2022-07-27 07:12:08(UTC) - PKLMANAGER: setting delta SC column for histogram
DEBUG:root:2022-07-27 07:12:08(UTC) - PKLMANAGER: deltaSC for histogram contains a size of 12
DEBUG:root:2022-07-27 07:12:08(UTC) - PKLMANAGER: Loading Delta EWBS data...
DEBUG:root:2022-07-27 07:12:08(UTC) - PKLMANAGER: opening bz2 file: pickledata/ewbsElSalvador
DEBUG:root:2022-07-27 07:12:08(UTC) - PKLMANAGER: data returned contains 2022 of rows and 5 of columns
DEBUG:root:2022-07-27 07:12:08(UTC) - PKLMANAGER: applying date and time filter to delta EWBS...
DEBUG:root:2022-07-27 07:12:08(UTC) - PKLMANAGER: After Applying date and time filter the dataframe contains 12 rows and 5 columns
DEBUG:root:2022-07-27 07:12:08(UTC) - PKLMANAGER: setting deltaEWBS column for histogram
DEBUG:root:2022-07-27 07:12:08(UTC) - PKLMANAGER: deltaEWBS for histogram contains a size of 12
DEBUG:root:2022-07-27 07:12:08(UTC) - PKLMANAGER: dfSC: 60, dfAMQ: 2914, dfEWBS: 60, deltaSC: 12, deltaAMQ: 1457, deltaEWBS: 12
DEBUG:root:2022-07-27 07:12:08(UTC) - GRAPHGEN: No enough data for deltaSC histogram for Nicaragua
DEBUG:root:2022-07-27 07:12:09(UTC) - GRAPHGEN: No enough data for deltaEWBS histogram for Nicaragua
DEBUG:root:2022-07-27 07:12:09(UTC) - PKLMANAGER: Last Date and Time of data availability for Costa Rica 
DEBUG:root:2022-07-27 07:12:09(UTC) - PKLMANAGER: reading the data for country Costa Rica from 2022-07-20 00:00:00+00:00 to 2022-07-27 07:12:09.512621+00:00 
DEBUG:root:2022-07-27 07:12:09(UTC) - PKLMANAGER: Open data for the last year ...
DEBUG:root:2022-07-27 07:12:09(UTC) - PKLMANAGER: opening bz2 file: pickledata/hb2022208CostaRica
DEBUG:root:2022-07-27 07:12:09(UTC) - PKLMANAGER: opening bz2 file: pickledata/hbYdaCostaRica
DEBUG:root:2022-07-27 07:12:09(UTC) - PKLMANAGER: opening bz2 file: pickledata/hbLwCostaRica
